<?xml version="1.0" encoding="UTF-8"?>
<!-- Generated by org.testng.reporters.JUnitXMLReporter -->
<testsuite hostname="P4A-508SD6Z" name="Test" tests="2" failures="1" timestamp="24 Jul 2018 07:12:56 GMT" time="0.825" errors="0">
  <testcase name="LoginInvalid" time="0.042" classname="com.accenture.test.TestLogin">
    <failure type="junit.framework.ComparisonFailure" message="expected:&amp;lt;...&amp;gt; but was:&amp;lt;...12&amp;gt;">
      <![CDATA[junit.framework.ComparisonFailure: expected:<...> but was:<...12>
	at junit.framework.Assert.assertEquals(Assert.java:81)
	at junit.framework.Assert.assertEquals(Assert.java:87)
	at com.accenture.test.TestLogin.LoginInvalid(TestLogin.java:19)
... Removed 24 stack frames]]>
    </failure>
  </testcase> <!-- LoginInvalid -->
  <testcase name="LoginValid" time="0.005" classname="com.accenture.test.TestLogin"/>
</testsuite> <!-- Test -->
