<?xml version="1.0" encoding="UTF-8"?>
<!-- Generated by org.testng.reporters.JUnitXMLReporter -->
<testsuite hostname="P4A-508SD6Z" name="Test1" tests="2" failures="1" timestamp="25 Jul 2018 07:27:07 GMT" time="1.204" errors="0">
  <testcase name="LoginInvalid" time="0.04" classname="com.accenture.test.TestLogin">
    <failure type="junit.framework.ComparisonFailure" message="expected:&amp;lt;...&amp;gt; but was:&amp;lt;...12&amp;gt;">
      <![CDATA[junit.framework.ComparisonFailure: expected:<...> but was:<...12>
	at junit.framework.Assert.assertEquals(Assert.java:81)
	at junit.framework.Assert.assertEquals(Assert.java:87)
	at com.accenture.test.TestLogin.LoginInvalid(TestLogin.java:19)
	at org.apache.maven.surefire.testng.TestNGExecutor.run(TestNGExecutor.java:295)
	at org.apache.maven.surefire.testng.TestNGXmlTestSuite.execute(TestNGXmlTestSuite.java:84)
	at org.apache.maven.surefire.testng.TestNGProvider.invoke(TestNGProvider.java:90)
	at org.apache.maven.surefire.booter.ForkedBooter.invokeProviderInSameClassLoader(ForkedBooter.java:203)
	at org.apache.maven.surefire.booter.ForkedBooter.runSuitesInProcess(ForkedBooter.java:155)
	at org.apache.maven.surefire.booter.ForkedBooter.main(ForkedBooter.java:103)
... Removed 21 stack frames]]>
    </failure>
  </testcase> <!-- LoginInvalid -->
  <testcase name="LoginValid" time="0.001" classname="com.accenture.test.TestLogin"/>
</testsuite> <!-- Test1 -->
